<?xml version="1.0" encoding="UTF-8"?>
<coverage generated="1653427739745" clover="3.2.0">
  <project timestamp="1653427739745" name="All files">
    <metrics statements="55" coveredstatements="50" conditionals="16" coveredconditionals="13" methods="11" coveredmethods="10" elements="82" coveredelements="73" complexity="0" loc="55" ncloc="55" packages="1" files="1" classes="1"/>
    <file name="tile_model.ts" path="/Users/rohmin/Dropbox/Programming/WebDev/not-linjaa/src/tile_model.ts">
      <metrics statements="55" coveredstatements="50" conditionals="16" coveredconditionals="13" methods="11" coveredmethods="10"/>
      <line num="1" count="1" type="cond" truecount="2" falsecount="0"/>
      <line num="2" count="1" type="stmt"/>
      <line num="3" count="1" type="stmt"/>
      <line num="4" count="1" type="stmt"/>
      <line num="5" count="1" type="stmt"/>
      <line num="6" count="1" type="stmt"/>
      <line num="9" count="1" type="cond" truecount="2" falsecount="0"/>
      <line num="10" count="1" type="stmt"/>
      <line num="24" count="1" type="stmt"/>
      <line num="34" count="5" type="stmt"/>
      <line num="37" count="5" type="stmt"/>
      <line num="38" count="5" type="stmt"/>
      <line num="41" count="5" type="stmt"/>
      <line num="42" count="5" type="stmt"/>
      <line num="46" count="0" type="stmt"/>
      <line num="48" count="0" type="stmt"/>
      <line num="53" count="3" type="cond" truecount="2" falsecount="2"/>
      <line num="55" count="1" type="stmt"/>
      <line num="57" count="2" type="stmt"/>
      <line num="59" count="0" type="stmt"/>
      <line num="61" count="0" type="stmt"/>
      <line num="66" count="2" type="stmt"/>
      <line num="67" count="2" type="stmt"/>
      <line num="68" count="2" type="stmt"/>
      <line num="69" count="2" type="stmt"/>
      <line num="70" count="2" type="stmt"/>
      <line num="72" count="2" type="stmt"/>
      <line num="73" count="2" type="stmt"/>
      <line num="74" count="2" type="stmt"/>
      <line num="76" count="2" type="stmt"/>
      <line num="77" count="4" type="stmt"/>
      <line num="79" count="4" type="cond" truecount="1" falsecount="0"/>
      <line num="81" count="2" type="stmt"/>
      <line num="82" count="2" type="cond" truecount="0" falsecount="1"/>
      <line num="84" count="0" type="stmt"/>
      <line num="88" count="2" type="stmt"/>
      <line num="91" count="1" type="cond" truecount="2" falsecount="0"/>
      <line num="96" count="4" type="stmt"/>
      <line num="98" count="4" type="stmt"/>
      <line num="99" count="6" type="stmt"/>
      <line num="102" count="4" type="stmt"/>
      <line num="106" count="6" type="stmt"/>
      <line num="108" count="6" type="stmt"/>
      <line num="109" count="24" type="stmt"/>
      <line num="110" count="24" type="cond" truecount="2" falsecount="0"/>
      <line num="111" count="12" type="stmt"/>
      <line num="113" count="12" type="stmt"/>
      <line num="119" count="1" type="stmt"/>
      <line num="121" count="1" type="stmt"/>
      <line num="122" count="1" type="stmt"/>
      <line num="123" count="1" type="stmt"/>
      <line num="125" count="1" type="stmt"/>
      <line num="129" count="1" type="stmt"/>
      <line num="130" count="1" type="stmt"/>
      <line num="131" count="1" type="stmt"/>
    </file>
  </project>
</coverage>
