{"/Users/rohmin/Dropbox/Programming/WebDev/not-linjaa/src/tile_model.ts": {"path":"/Users/rohmin/Dropbox/Programming/WebDev/not-linjaa/src/tile_model.ts","statementMap":{"0":{"start":{"line":1,"column":0},"end":{"line":1,"column":null}},"1":{"start":{"line":2,"column":1},"end":{"line":2,"column":null}},"2":{"start":{"line":3,"column":1},"end":{"line":3,"column":null}},"3":{"start":{"line":4,"column":1},"end":{"line":4,"column":null}},"4":{"start":{"line":5,"column":1},"end":{"line":5,"column":null}},"5":{"start":{"line":6,"column":1},"end":{"line":6,"column":null}},"6":{"start":{"line":9,"column":0},"end":{"line":9,"column":null}},"7":{"start":{"line":10,"column":1},"end":{"line":10,"column":12}},"8":{"start":{"line":10,"column":12},"end":{"line":10,"column":22}},"9":{"start":{"line":10,"column":22},"end":{"line":10,"column":33}},"10":{"start":{"line":10,"column":33},"end":{"line":10,"column":null}},"11":{"start":{"line":34,"column":1},"end":{"line":34,"column":null}},"12":{"start":{"line":37,"column":1},"end":{"line":37,"column":42}},"13":{"start":{"line":38,"column":1},"end":{"line":38,"column":33}},"14":{"start":{"line":41,"column":2},"end":{"line":41,"column":null}},"15":{"start":{"line":42,"column":2},"end":{"line":42,"column":null}},"16":{"start":{"line":46,"column":18},"end":{"line":46,"column":20}},"17":{"start":{"line":48,"column":2},"end":{"line":48,"column":null}},"18":{"start":{"line":53,"column":3},"end":{"line":62,"column":null}},"19":{"start":{"line":55,"column":5},"end":{"line":55,"column":null}},"20":{"start":{"line":57,"column":5},"end":{"line":57,"column":null}},"21":{"start":{"line":59,"column":5},"end":{"line":59,"column":null}},"22":{"start":{"line":61,"column":5},"end":{"line":61,"column":null}},"23":{"start":{"line":66,"column":22},"end":{"line":66,"column":31}},"24":{"start":{"line":67,"column":3},"end":{"line":67,"column":null}},"25":{"start":{"line":68,"column":3},"end":{"line":68,"column":null}},"26":{"start":{"line":69,"column":3},"end":{"line":69,"column":null}},"27":{"start":{"line":70,"column":3},"end":{"line":70,"column":null}},"28":{"start":{"line":72,"column":23},"end":{"line":72,"column":46}},"29":{"start":{"line":73,"column":25},"end":{"line":73,"column":43}},"30":{"start":{"line":74,"column":26},"end":{"line":74,"column":53}},"31":{"start":{"line":76,"column":3},"end":{"line":87,"column":null}},"32":{"start":{"line":77,"column":20},"end":{"line":77,"column":42}},"33":{"start":{"line":79,"column":4},"end":{"line":86,"column":null}},"34":{"start":{"line":81,"column":22},"end":{"line":81,"column":45}},"35":{"start":{"line":82,"column":5},"end":{"line":85,"column":null}},"36":{"start":{"line":84,"column":6},"end":{"line":84,"column":null}},"37":{"start":{"line":88,"column":3},"end":{"line":88,"column":null}},"38":{"start":{"line":91,"column":2},"end":{"line":92,"column":null}},"39":{"start":{"line":96,"column":17},"end":{"line":96,"column":32}},"40":{"start":{"line":98,"column":2},"end":{"line":100,"column":null}},"41":{"start":{"line":99,"column":3},"end":{"line":99,"column":null}},"42":{"start":{"line":102,"column":2},"end":{"line":102,"column":null}},"43":{"start":{"line":106,"column":2},"end":{"line":106,"column":null}},"44":{"start":{"line":108,"column":2},"end":{"line":115,"column":null}},"45":{"start":{"line":109,"column":16},"end":{"line":109,"column":30}},"46":{"start":{"line":110,"column":3},"end":{"line":114,"column":null}},"47":{"start":{"line":111,"column":4},"end":{"line":111,"column":null}},"48":{"start":{"line":113,"column":4},"end":{"line":113,"column":null}},"49":{"start":{"line":119,"column":17},"end":{"line":119,"column":32}},"50":{"start":{"line":121,"column":2},"end":{"line":121,"column":null}},"51":{"start":{"line":122,"column":2},"end":{"line":122,"column":null}},"52":{"start":{"line":123,"column":2},"end":{"line":123,"column":null}},"53":{"start":{"line":125,"column":2},"end":{"line":125,"column":null}},"54":{"start":{"line":129,"column":2},"end":{"line":129,"column":null}},"55":{"start":{"line":130,"column":2},"end":{"line":130,"column":null}},"56":{"start":{"line":131,"column":2},"end":{"line":131,"column":null}},"57":{"start":{"line":24,"column":0},"end":{"line":24,"column":13}}},"fnMap":{"0":{"name":"(anonymous_0)","decl":{"start":{"line":1,"column":0},"end":{"line":1,"column":12}},"loc":{"start":{"line":1,"column":20},"end":{"line":7,"column":1}}},"1":{"name":"(anonymous_1)","decl":{"start":{"line":9,"column":0},"end":{"line":9,"column":12}},"loc":{"start":{"line":9,"column":16},"end":{"line":11,"column":1}}},"2":{"name":"(anonymous_2)","decl":{"start":{"line":40,"column":1},"end":{"line":40,"column":13}},"loc":{"start":{"line":40,"column":45},"end":{"line":43,"column":2}}},"3":{"name":"(anonymous_3)","decl":{"start":{"line":45,"column":1},"end":{"line":45,"column":12}},"loc":{"start":{"line":45,"column":31},"end":{"line":49,"column":2}}},"4":{"name":"(anonymous_4)","decl":{"start":{"line":51,"column":1},"end":{"line":51,"column":14}},"loc":{"start":{"line":51,"column":48},"end":{"line":93,"column":2}}},"5":{"name":"get_opposite_side","decl":{"start":{"line":52,"column":11},"end":{"line":52,"column":28}},"loc":{"start":{"line":52,"column":39},"end":{"line":63,"column":3}}},"6":{"name":"helper","decl":{"start":{"line":65,"column":11},"end":{"line":65,"column":17}},"loc":{"start":{"line":65,"column":73},"end":{"line":89,"column":3}}},"7":{"name":"(anonymous_7)","decl":{"start":{"line":95,"column":1},"end":{"line":95,"column":7}},"loc":{"start":{"line":95,"column":39},"end":{"line":103,"column":2}}},"8":{"name":"(anonymous_8)","decl":{"start":{"line":105,"column":1},"end":{"line":105,"column":9}},"loc":{"start":{"line":105,"column":22},"end":{"line":116,"column":2}}},"9":{"name":"(anonymous_9)","decl":{"start":{"line":118,"column":1},"end":{"line":118,"column":5}},"loc":{"start":{"line":118,"column":5},"end":{"line":126,"column":2}}},"10":{"name":"(anonymous_10)","decl":{"start":{"line":128,"column":1},"end":{"line":128,"column":6}},"loc":{"start":{"line":128,"column":6},"end":{"line":132,"column":2}}}},"branchMap":{"0":{"loc":{"start":{"line":1,"column":12},"end":{"line":1,"column":null}},"type":"binary-expr","locations":[{"start":{"line":1,"column":12},"end":{"line":1,"column":20}},{"start":{"line":1,"column":12},"end":{"line":1,"column":null}}]},"1":{"loc":{"start":{"line":9,"column":12},"end":{"line":9,"column":null}},"type":"binary-expr","locations":[{"start":{"line":9,"column":12},"end":{"line":9,"column":16}},{"start":{"line":9,"column":12},"end":{"line":9,"column":null}}]},"2":{"loc":{"start":{"line":40,"column":13},"end":{"line":40,"column":28}},"type":"default-arg","locations":[{"start":{"line":40,"column":27},"end":{"line":40,"column":28}}]},"3":{"loc":{"start":{"line":40,"column":30},"end":{"line":40,"column":45}},"type":"default-arg","locations":[{"start":{"line":40,"column":44},"end":{"line":40,"column":45}}]},"4":{"loc":{"start":{"line":53,"column":3},"end":{"line":62,"column":null}},"type":"switch","locations":[{"start":{"line":54,"column":4},"end":{"line":55,"column":null}},{"start":{"line":56,"column":4},"end":{"line":57,"column":null}},{"start":{"line":58,"column":4},"end":{"line":59,"column":null}},{"start":{"line":60,"column":4},"end":{"line":61,"column":null}}]},"5":{"loc":{"start":{"line":79,"column":4},"end":{"line":86,"column":null}},"type":"if","locations":[{"start":{"line":79,"column":4},"end":{"line":86,"column":null}}]},"6":{"loc":{"start":{"line":82,"column":5},"end":{"line":85,"column":null}},"type":"if","locations":[{"start":{"line":82,"column":5},"end":{"line":85,"column":null}}]},"7":{"loc":{"start":{"line":91,"column":9},"end":{"line":92,"column":55}},"type":"binary-expr","locations":[{"start":{"line":91,"column":9},"end":{"line":91,"column":39}},{"start":{"line":92,"column":6},"end":{"line":92,"column":55}}]},"8":{"loc":{"start":{"line":110,"column":3},"end":{"line":114,"column":null}},"type":"if","locations":[{"start":{"line":110,"column":3},"end":{"line":114,"column":null}},{"start":{"line":112,"column":10},"end":{"line":114,"column":null}}]}},"s":{"0":1,"1":1,"2":1,"3":1,"4":1,"5":1,"6":1,"7":1,"8":1,"9":1,"10":1,"11":5,"12":5,"13":5,"14":5,"15":5,"16":0,"17":0,"18":3,"19":1,"20":2,"21":0,"22":0,"23":2,"24":2,"25":2,"26":2,"27":2,"28":2,"29":2,"30":2,"31":2,"32":4,"33":4,"34":2,"35":2,"36":0,"37":2,"38":1,"39":4,"40":4,"41":6,"42":4,"43":6,"44":6,"45":24,"46":24,"47":12,"48":12,"49":1,"50":1,"51":1,"52":1,"53":1,"54":1,"55":1,"56":1,"57":1},"f":{"0":1,"1":1,"2":5,"3":0,"4":1,"5":3,"6":2,"7":4,"8":6,"9":1,"10":1},"b":{"0":[1,1],"1":[1,1],"2":[5],"3":[5],"4":[1,2,0,0],"5":[2],"6":[0],"7":[1,1],"8":[12,12]}}
}
