TN:
SF:src/tile_model.ts
FN:1,(anonymous_0)
FN:9,(anonymous_1)
FN:40,(anonymous_2)
FN:45,(anonymous_3)
FN:51,(anonymous_4)
FN:52,get_opposite_side
FN:65,helper
FN:95,(anonymous_7)
FN:105,(anonymous_8)
FN:118,(anonymous_9)
FN:128,(anonymous_10)
FNF:11
FNH:10
FNDA:1,(anonymous_0)
FNDA:1,(anonymous_1)
FNDA:5,(anonymous_2)
FNDA:0,(anonymous_3)
FNDA:1,(anonymous_4)
FNDA:3,get_opposite_side
FNDA:2,helper
FNDA:4,(anonymous_7)
FNDA:6,(anonymous_8)
FNDA:1,(anonymous_9)
FNDA:1,(anonymous_10)
DA:1,1
DA:2,1
DA:3,1
DA:4,1
DA:5,1
DA:6,1
DA:9,1
DA:10,1
DA:24,1
DA:34,5
DA:37,5
DA:38,5
DA:41,5
DA:42,5
DA:46,0
DA:48,0
DA:53,3
DA:55,1
DA:57,2
DA:59,0
DA:61,0
DA:66,2
DA:67,2
DA:68,2
DA:69,2
DA:70,2
DA:72,2
DA:73,2
DA:74,2
DA:76,2
DA:77,4
DA:79,4
DA:81,2
DA:82,2
DA:84,0
DA:88,2
DA:91,1
DA:96,4
DA:98,4
DA:99,6
DA:102,4
DA:106,6
DA:108,6
DA:109,24
DA:110,24
DA:111,12
DA:113,12
DA:119,1
DA:121,1
DA:122,1
DA:123,1
DA:125,1
DA:129,1
DA:130,1
DA:131,1
LF:55
LH:50
BRDA:1,0,0,1
BRDA:1,0,1,1
BRDA:9,1,0,1
BRDA:9,1,1,1
BRDA:40,2,0,5
BRDA:40,3,0,5
BRDA:53,4,0,1
BRDA:53,4,1,2
BRDA:53,4,2,0
BRDA:53,4,3,0
BRDA:79,5,0,2
BRDA:82,6,0,0
BRDA:91,7,0,1
BRDA:91,7,1,1
BRDA:110,8,0,12
BRDA:110,8,1,12
BRF:16
BRH:13
end_of_record
